Virtual User Script started at : 2017-09-19 11:21:32
t=00009891ms: Error -205177: TypeError: targetFactory is undefined
undefined
While calling handlers in TC_NS.RuleEngine dispatch, event=[TC_NS.Event type="TC.startTrackingTabEvents" target="[object Object]"], handler=
function (e) {
"use strict";

        if (!tabListenerInst) {
            initModule();
            tabListenerInst = new TabListener();
        }
        tabListenerInst.track();
    }       Snapshot Info [MSH undefined 0]    [MsgId: MERR-205177]
TruClient Replay for LoadRunner 12.53.0, build 1203. OS: Windows 7, Browser: Firefox, initialized on 2017/09/19 at 11:21:22 (0000.000s)

Running Vuser...
Starting iteration 1.
Notify: Transaction "Transaction 1" started.
t=00010040ms: ** 1: Execute TC.userDataPoint ("mic_recv", 1000) ** started    [MsgId: MMSG-205180]
t=00010058ms: ** 1: Execute TC.userDataPoint ("mic_recv", 1000) ** successfully completed with end event 'Action completed'    [MsgId: MMSG-205180]
Notify: Transaction "Transaction 1" ended with a "Pass" status (Duration: 0.0450).
Notify: Transaction "Transaction 2" started.
t=00010108ms: ** 2: Execute TC.userDataPoint ("HTTP_200", 1) ** started    [MsgId: MMSG-205180]
t=00010129ms: ** 2: Execute TC.userDataPoint ("HTTP_200", 1) ** successfully completed with end event 'Action completed'    [MsgId: MMSG-205180]
t=00010134ms: ** 3: Execute TC.userDataPoint ("HTTP_300", 1) ** started    [MsgId: MMSG-205180]
t=00010149ms: ** 3: Execute TC.userDataPoint ("HTTP_300", 1) ** successfully completed with end event 'Action completed'    [MsgId: MMSG-205180]
t=00010153ms: ** 4: Execute TC.userDataPoint ("HTTP_400", 1) ** started    [MsgId: MMSG-205180]
t=00010169ms: ** 4: Execute TC.userDataPoint ("HTTP_400", 1) ** successfully completed with end event 'Action completed'    [MsgId: MMSG-205180]
t=00010173ms: ** 5: Execute TC.userDataPoint ("HTTP_500", 1) ** started    [MsgId: MMSG-205180]
t=00010185ms: ** 5: Execute TC.userDataPoint ("HTTP_500", 1) ** successfully completed with end event 'Action completed'    [MsgId: MMSG-205180]
Notify: Transaction "Transaction 2" will be skipped - could not calculate the transaction time (duration=0.0980, think_time=0.0030, wasted_time=0.1210).
t=00010189ms: Internal problem -205177: In TransactionsAdapter::HandleMessage, calling EndTransaction failed    [MsgId: MWAR-205177]
t=00010194ms: ** 6: Execute TC.log ("This is error message", "Error") ** started    [MsgId: MMSG-205180]
t=00010202ms: Error -205177: This is error message       Snapshot Info [MSH 1 0]    [MsgId: MERR-205177]
t=00010207ms: ** 6: Execute TC.log ("This is error message", "Error") ** successfully completed with end event 'Action completed'    [MsgId: MMSG-205180]
Ending iteration 1.
Ending Vuser...
Vuser Terminated.
